<?xml version="1.0" encoding="UTF-8"?>
<!-- Generated by org.testng.reporters.JUnitReportReporter -->
<testsuite hostname="DESKTOP-LR9MGE6" failures="0" tests="1" name="amazon.ProductPage" time="76.403" errors="0" timestamp="2024-09-12T14:31:51 IST" skipped="0">
  <testcase classname="amazon.ProductPage" name="testProductPage" time="76.403"/>
</testsuite> <!-- amazon.ProductPage -->
